<?xml version="1.0" encoding="UTF-8"?>
<testsuite name="org.example.CalculatorTest" tests="1" skipped="0" failures="0" errors="0" timestamp="2023-07-08T06:06:56" hostname="LAPTOP-7UAIIDJN" time="0.08">
  <properties/>
  <testcase name="�뜤�뀍 �뿰�궛�쓣 �닔�뻾�븳�떎" classname="org.example.CalculatorTest" time="0.08"/>
  <system-out><![CDATA[]]></system-out>
  <system-err><![CDATA[]]></system-err>
</testsuite>
